<?xml version="1.0" encoding="UTF-8"?>
<!-- Generated by org.testng.reporters.JUnitReportReporter -->
<testsuite skipped="0" hostname="DESKTOP-RQ0I3KE" name="Test.ATest" tests="2" failures="0" timestamp="22 Jun 2018 07:49:27 GMT" time="0.000" errors="0">
  <testcase name="two" time="0.000" classname="Test.ATest"/>
  <testcase name="one" time="0.000" classname="Test.ATest"/>
</testsuite> <!-- Test.ATest -->
